<?xml version="1.0" encoding="UTF-8"?>
<testng-results skipped="0" failed="0" total="2" passed="2">
  <reporter-output>
    <line>
      <![CDATA[Completed tests<br>]]>
    </line>
    <line>
      <![CDATA[Completed tests<br>]]>
    </line>
  </reporter-output>
  <suite name="Suite" duration-ms="41122" started-at="2018-03-21T06:03:53Z" finished-at="2018-03-21T06:04:34Z">
    <groups>
    </groups>
    <test name="Test1" duration-ms="40358" started-at="2018-03-21T06:03:53Z" finished-at="2018-03-21T06:04:33Z">
      <class name="com.testng.demo.Register">
        <test-method status="PASS" signature="beforeTest(java.lang.String)[pri:0, instance:com.testng.demo.Register@28d25987]" name="beforeTest" is-config="true" duration-ms="38767" started-at="2018-03-21T11:33:53Z" finished-at="2018-03-21T11:34:32Z">
          <params>
            <param index="0">
              <value>
                <![CDATA[firefox]]>
              </value>
            </param>
          </params>
          <reporter-output>
          </reporter-output>
        </test-method> <!-- beforeTest -->
        <test-method status="PASS" signature="f()[pri:0, instance:com.testng.demo.Register@28d25987]" name="f" duration-ms="1555" started-at="2018-03-21T11:34:32Z" finished-at="2018-03-21T11:34:33Z">
          <reporter-output>
            <line>
              <![CDATA[Completed tests<br>]]>
            </line>
          </reporter-output>
        </test-method> <!-- f -->
        <test-method status="PASS" signature="afterTest()[pri:0, instance:com.testng.demo.Register@28d25987]" name="afterTest" is-config="true" duration-ms="0" started-at="2018-03-21T11:34:33Z" finished-at="2018-03-21T11:34:33Z">
          <reporter-output>
          </reporter-output>
        </test-method> <!-- afterTest -->
      </class> <!-- com.testng.demo.Register -->
    </test> <!-- Test1 -->
    <test name="Test2" duration-ms="41122" started-at="2018-03-21T06:03:53Z" finished-at="2018-03-21T06:04:34Z">
      <class name="com.testng.demo.Register">
        <test-method status="PASS" signature="beforeTest(java.lang.String)[pri:0, instance:com.testng.demo.Register@754ba872]" name="beforeTest" is-config="true" duration-ms="38988" started-at="2018-03-21T11:33:53Z" finished-at="2018-03-21T11:34:32Z">
          <params>
            <param index="0">
              <value>
                <![CDATA[chrome]]>
              </value>
            </param>
          </params>
          <reporter-output>
          </reporter-output>
        </test-method> <!-- beforeTest -->
        <test-method status="PASS" signature="f()[pri:0, instance:com.testng.demo.Register@754ba872]" name="f" duration-ms="2120" started-at="2018-03-21T11:34:32Z" finished-at="2018-03-21T11:34:34Z">
          <reporter-output>
            <line>
              <![CDATA[Completed tests<br>]]>
            </line>
          </reporter-output>
        </test-method> <!-- f -->
        <test-method status="PASS" signature="afterTest()[pri:0, instance:com.testng.demo.Register@754ba872]" name="afterTest" is-config="true" duration-ms="0" started-at="2018-03-21T11:34:34Z" finished-at="2018-03-21T11:34:34Z">
          <reporter-output>
          </reporter-output>
        </test-method> <!-- afterTest -->
      </class> <!-- com.testng.demo.Register -->
    </test> <!-- Test2 -->
  </suite> <!-- Suite -->
</testng-results>
